<?xml version="1.0" encoding="utf-8"?><testsuites name="pytest tests"><testsuite name="pytest" errors="0" failures="0" skipped="0" tests="29" time="51.894" timestamp="2026-04-29T11:07:09.713429+00:00" hostname="agent-env-52108af8-5427-4ecc-a2c7-a8f81802adec"><testcase classname="backend.tests.test_career_platform.TestHealth" name="test_root" time="20.082" /><testcase classname="backend.tests.test_career_platform.TestAuth" name="test_register_student" time="0.273" /><testcase classname="backend.tests.test_career_platform.TestAuth" name="test_register_student2_for_autofill" time="0.275" /><testcase classname="backend.tests.test_career_platform.TestAuth" name="test_register_alumni" time="0.268" /><testcase classname="backend.tests.test_career_platform.TestAuth" name="test_register_mentor_pending" time="0.299" /><testcase classname="backend.tests.test_career_platform.TestAuth" name="test_register_duplicate" time="0.043" /><testcase classname="backend.tests.test_career_platform.TestAuth" name="test_login_admin" time="0.265" /><testcase classname="backend.tests.test_career_platform.TestAuth" name="test_login_bad_password" time="0.266" /><testcase classname="backend.tests.test_career_platform.TestAuth" name="test_get_me" time="0.081" /><testcase classname="backend.tests.test_career_platform.TestAuth" name="test_get_me_no_token" time="0.043" /><testcase classname="backend.tests.test_career_platform.TestOnboarding" name="test_student_class_10_rejected" time="0.045" /><testcase classname="backend.tests.test_career_platform.TestOnboarding" name="test_student_with_student_info_succeeds_and_unique_id_format" time="0.059" /><testcase classname="backend.tests.test_career_platform.TestOnboarding" name="test_student_autofill_without_student_info" time="0.057" /><testcase classname="backend.tests.test_career_platform.TestOnboarding" name="test_mentor_without_mentor_info_rejected" time="0.042" /><testcase classname="backend.tests.test_career_platform.TestOnboarding" name="test_mentor_with_mentor_info_succeeds" time="0.055" /><testcase classname="backend.tests.test_career_platform.TestAdminMentorApproval" name="test_pending_requires_admin" time="0.045" /><testcase classname="backend.tests.test_career_platform.TestAdminMentorApproval" name="test_admin_lists_pending" time="0.047" /><testcase classname="backend.tests.test_career_platform.TestAdminMentorApproval" name="test_admin_approve_mentor" time="0.090" /><testcase classname="backend.tests.test_career_platform.TestCatalog" name="test_events" time="0.047" /><testcase classname="backend.tests.test_career_platform.TestCatalog" name="test_financial_loans" time="0.045" /><testcase classname="backend.tests.test_career_platform.TestCatalog" name="test_financial_scholarships" time="0.046" /><testcase classname="backend.tests.test_career_platform.TestCatalog" name="test_insurance" time="0.049" /><testcase classname="backend.tests.test_career_platform.TestCatalog" name="test_housing_usa" time="0.053" /><testcase classname="backend.tests.test_career_platform.TestCatalog" name="test_mentors_only_approved_and_samples" time="0.050" /><testcase classname="backend.tests.test_career_platform.TestBookings" name="test_create_booking_for_sample_mentor" time="0.043" /><testcase classname="backend.tests.test_career_platform.TestBookings" name="test_my_bookings" time="0.045" /><testcase classname="backend.tests.test_career_platform.TestBookings" name="test_alumni_cannot_book" time="0.045" /><testcase classname="backend.tests.test_career_platform.TestAI" name="test_career_suggestions" time="29.005" /><testcase classname="backend.tests.test_career_platform.TestDashboard" name="test_dashboard_payload" time="0.062" /></testsuite></testsuites>